<?xml version="1.0" encoding="UTF-8" standalone="no"?><testsuite errors="0" failures="1" name="Creacion de cotizacion y descarga de PDF" skipped="0" tests="1" time="37.26" timestamp="2026-03-30 04:50:47"><testcase name="Complete insurance quote creation and PDF download"><failure message="&#13;&#10;Expected: an element that is present&#13;&#10;     but: no matching element found by [menu de Cotizador located with: //a[normalize-space()='Cotizador'] | //button[normalize-space()='Cotizador']] was not present" type="java.lang.AssertionError">&#13;
Expected: an element that is present&#13;
     but: no matching element found by [menu de Cotizador located with: //a[normalize-space()='Cotizador'] | //button[normalize-space()='Cotizador']] was not present</failure><system-err>&#13;
Expected: an element that is present&#13;
     but: no matching element found by [menu de Cotizador located with: //a[normalize-space()='Cotizador'] | //button[normalize-space()='Cotizador']] was not present&#13;
co.com.sura.nexo.interactions.WaitForReactiveElement.performAs(WaitForReactiveElement.java:30)&#13;
co.com.sura.nexo.tasks.StartQuote.performAs(StartQuote.java:19)&#13;
co.com.sura.nexo.stepdefinitions.QuoteStepDefinitions.elUsuarioIniciaElProcesoDeCotizacionCon(QuoteStepDefinitions.java:55)&#13;
worker.org.gradle.process.internal.worker.GradleWorkerMain.run(GradleWorkerMain.java:69)&#13;
worker.org.gradle.process.internal.worker.GradleWorkerMain.main(GradleWorkerMain.java:74)&#13;
</system-err></testcase></testsuite>