<?xml version="1.0" encoding="UTF-8" standalone="no"?><testsuite errors="1" failures="0" name="Creacion de cotizacion y descarga de PDF" skipped="0" tests="1" time="15.98" timestamp="2026-03-31 06:19:10"><testcase name="Abrir el HomePage del cotizador"><error message="Step [registra las ubicaciones:] is defined with 0 parameters at 'co.com.sura.cotizador.stepsdefinitions.CrearCotizacionStepdefinition.registraLasUbicaciones()'.&#10;However, the gherkin step has 1 arguments:&#10; * Table:&#10;      | zipCode | buildingValue | contentsValue |&#10;      | 110111  | 500000        | 120000        |&#10;&#10;Step text: registra las ubicaciones:" type="io.cucumber.core.exception.CucumberException">Step [registra las ubicaciones:] is defined with 0 parameters at 'co.com.sura.cotizador.stepsdefinitions.CrearCotizacionStepdefinition.registraLasUbicaciones()'.
However, the gherkin step has 1 arguments:
 * Table:
      | zipCode | buildingValue | contentsValue |
      | 110111  | 500000        | 120000        |

Step text: registra las ubicaciones:</error><system-err>Step [registra las ubicaciones:] is defined with 0 parameters at 'co.com.sura.cotizador.stepsdefinitions.CrearCotizacionStepdefinition.registraLasUbicaciones()'.
However, the gherkin step has 1 arguments:
 * Table:
      | zipCode | buildingValue | contentsValue |
      | 110111  | 500000        | 120000        |

Step text: registra las ubicaciones:&#13;
worker.org.gradle.process.internal.worker.GradleWorkerMain.run(GradleWorkerMain.java:69)&#13;
worker.org.gradle.process.internal.worker.GradleWorkerMain.main(GradleWorkerMain.java:74)&#13;
</system-err></testcase></testsuite>